Arguments: 
  /home/hamid/.nvm/versions/node/v18.12.1/bin/node /usr/local/bin/yarn install

PATH: 
  /home/hamid/.nvm/versions/node/v18.12.1/bin:/home/hamid/Desktop/tailwind-by-webpack/node_modules/.bin:/usr/local/sbin:/usr/local/bin:/usr/sbin:/usr/bin:/sbin:/bin:/usr/games:/usr/local/games:/snap/bin

Yarn version: 
  1.22.18

Node version: 
  18.12.1

Platform: 
  linux x64

Trace: 
  SyntaxError: /home/hamid/Desktop/tailwind-by-webpack/package.json: Unexpected token } in JSON at position 455
      at JSON.parse (<anonymous>)
      at /usr/local/lib/node_modules/yarn/lib/cli.js:1625:59
      at Generator.next (<anonymous>)
      at step (/usr/local/lib/node_modules/yarn/lib/cli.js:310:30)
      at /usr/local/lib/node_modules/yarn/lib/cli.js:321:13

npm manifest: 
  {
    "name": "tailwind-by-webpack",
    "version": "1.0.0",
    "main": "index.js",
    "license": "MIT",
    "devDependencies": {
      "css-loader": "^6.7.1",
      "html-webpack-plugin": "^5.5.0",
      "sass": "^1.52.1",
      "sass-loader": "^13.0.0",
      "source-map-loader": "^4.0.1",
      "style-loader": "^3.3.1",
      "ts-loader": "^9.4.1",
      "typescript": "^4.8.4",
      "webpack": "^5.74.0",
      "webpack-cli": "^4.10.0",
      "webpack-dev-server": "^4.11.1",
    }
  }

yarn manifest: 
  No manifest

Lockfile: 
  No lockfile
